# JRE version: OpenJDK Runtime Environment GraalVM CE 22.3.0 (17.0.5+8) (build 17.0.5+8-jvmci-22.3-b08)
# Java VM: OpenJDK 64-Bit Server VM GraalVM CE 22.3.0 (17.0.5+8-jvmci-22.3-b08, mixed mode, sharing, tiered, jvmci, jvmci compiler, compressed oops, compressed class ptrs, parallel gc, linux-amd64)
GC Precious Log:
 CPUs: 8 total, 1 available
 Memory: 1024M
 Large Page Support: Disabled
 NUMA Support: Disabled
 Compressed Oops: Enabled (32-bit)
 Alignments: Space 512K, Generation 512K, Heap 2M
 Heap Min Capacity: 100M
 Heap Initial Capacity: 100M
 Heap Max Capacity: 512M
 Pre-touch: Disabled
 Parallel Workers: 1
Heap:
 PSYoungGen      total 34304K, used 23551K [0x00000000f5580000, 0x00000000f8300000, 0x0000000100000000)
  eden space 23552K, 99% used [0x00000000f5580000,0x00000000f6c7fff8,0x00000000f6c80000)
  from space 10752K, 0% used [0x00000000f7700000,0x00000000f7700000,0x00000000f8180000)
  to   space 10752K, 0% used [0x00000000f6c80000,0x00000000f6c80000,0x00000000f7700000)
 ParOldGen       total 349696K, used 349695K [0x00000000e0000000, 0x00000000f5580000, 0x00000000f5580000)
  object space 349696K, 99% used [0x00000000e0000000,0x00000000f557fff0,0x00000000f5580000)
 Metaspace       used 58262K, committed 59008K, reserved 1105920K
  class space    used 5708K, committed 6016K, reserved 1048576K
GC Heap History (20 events):
Event: 1014.060 GC heap before
{Heap before GC invocations=850 (full 742):
 PSYoungGen      total 34304K, used 23552K [0x00000000f5580000, 0x00000000f8300000, 0x0000000100000000)
  eden space 23552K, 100% used [0x00000000f5580000,0x00000000f6c80000,0x00000000f6c80000)
  from space 10752K, 0% used [0x00000000f7700000,0x00000000f7700000,0x00000000f8180000)
  to   space 10752K, 0% used [0x00000000f6c80000,0x00000000f6c80000,0x00000000f7700000)
 ParOldGen       total 349696K, used 349695K [0x00000000e0000000, 0x00000000f5580000, 0x00000000f5580000)
  object space 349696K, 99% used [0x00000000e0000000,0x00000000f557ffd0,0x00000000f5580000)
 Metaspace       used 58262K, committed 59008K, reserved 1105920K
  class space    used 5708K, committed 6016K, reserved 1048576K
}
Event: 1015.375 GC heap after
{Heap after GC invocations=850 (full 742):
 PSYoungGen      total 34304K, used 23551K [0x00000000f5580000, 0x00000000f8300000, 0x0000000100000000)
  eden space 23552K, 99% used [0x00000000f5580000,0x00000000f6c7ffc0,0x00000000f6c80000)
  from space 10752K, 0% used [0x00000000f6c80000,0x00000000f6c80000,0x00000000f7700000)
  to   space 10752K, 0% used [0x00000000f7700000,0x00000000f7700000,0x00000000f8180000)
 ParOldGen       total 349696K, used 349695K [0x00000000e0000000, 0x00000000f5580000, 0x00000000f5580000)
  object space 349696K, 99% used [0x00000000e0000000,0x00000000f557ffd0,0x00000000f5580000)
 Metaspace       used 58262K, committed 59008K, reserved 1105920K
  class space    used 5708K, committed 6016K, reserved 1048576K
}
Event: 1015.376 GC heap before
{Heap before GC invocations=851 (full 743):
 PSYoungGen      total 34304K, used 23552K [0x00000000f5580000, 0x00000000f8300000, 0x0000000100000000)
  eden space 23552K, 100% used [0x00000000f5580000,0x00000000f6c80000,0x00000000f6c80000)
  from space 10752K, 0% used [0x00000000f6c80000,0x00000000f6c80000,0x00000000f7700000)
  to   space 10752K, 0% used [0x00000000f7700000,0x00000000f7700000,0x00000000f8180000)
 ParOldGen       total 349696K, used 349695K [0x00000000e0000000, 0x00000000f5580000, 0x00000000f5580000)
  object space 349696K, 99% used [0x00000000e0000000,0x00000000f557ffd0,0x00000000f5580000)
 Metaspace       used 58262K, committed 59008K, reserved 1105920K
  class space    used 5708K, committed 6016K, reserved 1048576K
}
Event: 1016.635 GC heap after
{Heap after GC invocations=851 (full 743):
 PSYoungGen      total 34304K, used 23551K [0x00000000f5580000, 0x00000000f8300000, 0x0000000100000000)
  eden space 23552K, 99% used [0x00000000f5580000,0x00000000f6c7ffc0,0x00000000f6c80000)
  from space 10752K, 0% used [0x00000000f7700000,0x00000000f7700000,0x00000000f8180000)
  to   space 10752K, 0% used [0x00000000f6c80000,0x00000000f6c80000,0x00000000f7700000)
 ParOldGen       total 349696K, used 349695K [0x00000000e0000000, 0x00000000f5580000, 0x00000000f5580000)
  object space 349696K, 99% used [0x00000000e0000000,0x00000000f557ffd0,0x00000000f5580000)
 Metaspace       used 58262K, committed 59008K, reserved 1105920K
  class space    used 5708K, committed 6016K, reserved 1048576K
}
Event: 1016.638 GC heap before
{Heap before GC invocations=852 (full 744):
 PSYoungGen      total 34304K, used 23552K [0x00000000f5580000, 0x00000000f8300000, 0x0000000100000000)
  eden space 23552K, 100% used [0x00000000f5580000,0x00000000f6c80000,0x00000000f6c80000)
  from space 10752K, 0% used [0x00000000f7700000,0x00000000f7700000,0x00000000f8180000)
  to   space 10752K, 0% used [0x00000000f6c80000,0x00000000f6c80000,0x00000000f7700000)
 ParOldGen       total 349696K, used 349695K [0x00000000e0000000, 0x00000000f5580000, 0x00000000f5580000)
  object space 349696K, 99% used [0x00000000e0000000,0x00000000f557ffd0,0x00000000f5580000)
 Metaspace       used 58262K, committed 59008K, reserved 1105920K
  class space    used 5708K, committed 6016K, reserved 1048576K
}
Event: 1018.169 GC heap after
{Heap after GC invocations=852 (full 744):
 PSYoungGen      total 34304K, used 23551K [0x00000000f5580000, 0x00000000f8300000, 0x0000000100000000)
  eden space 23552K, 99% used [0x00000000f5580000,0x00000000f6c7ffe0,0x00000000f6c80000)
  from space 10752K, 0% used [0x00000000f6c80000,0x00000000f6c80000,0x00000000f7700000)
  to   space 10752K, 0% used [0x00000000f7700000,0x00000000f7700000,0x00000000f8180000)
 ParOldGen       total 349696K, used 349695K [0x00000000e0000000, 0x00000000f5580000, 0x00000000f5580000)
  object space 349696K, 99% used [0x00000000e0000000,0x00000000f557ffd0,0x00000000f5580000)
 Metaspace       used 58262K, committed 59008K, reserved 1105920K
  class space    used 5708K, committed 6016K, reserved 1048576K
}
Event: 1018.169 GC heap before
{Heap before GC invocations=853 (full 745):
 PSYoungGen      total 34304K, used 23552K [0x00000000f5580000, 0x00000000f8300000, 0x0000000100000000)
  eden space 23552K, 100% used [0x00000000f5580000,0x00000000f6c80000,0x00000000f6c80000)
  from space 10752K, 0% used [0x00000000f6c80000,0x00000000f6c80000,0x00000000f7700000)
  to   space 10752K, 0% used [0x00000000f7700000,0x00000000f7700000,0x00000000f8180000)
 ParOldGen       total 349696K, used 349695K [0x00000000e0000000, 0x00000000f5580000, 0x00000000f5580000)
  object space 349696K, 99% used [0x00000000e0000000,0x00000000f557ffd0,0x00000000f5580000)
 Metaspace       used 58262K, committed 59008K, reserved 1105920K
  class space    used 5708K, committed 6016K, reserved 1048576K
}
Event: 1019.447 GC heap after
{Heap after GC invocations=853 (full 745):
 PSYoungGen      total 34304K, used 23551K [0x00000000f5580000, 0x00000000f8300000, 0x0000000100000000)
  eden space 23552K, 99% used [0x00000000f5580000,0x00000000f6c7ffe0,0x00000000f6c80000)
  from space 10752K, 0% used [0x00000000f7700000,0x00000000f7700000,0x00000000f8180000)
  to   space 10752K, 0% used [0x00000000f6c80000,0x00000000f6c80000,0x00000000f7700000)
 ParOldGen       total 349696K, used 349695K [0x00000000e0000000, 0x00000000f5580000, 0x00000000f5580000)
  object space 349696K, 99% used [0x00000000e0000000,0x00000000f557ffd0,0x00000000f5580000)
 Metaspace       used 58262K, committed 59008K, reserved 1105920K
  class space    used 5708K, committed 6016K, reserved 1048576K
}
Event: 1019.449 GC heap before
{Heap before GC invocations=854 (full 746):
 PSYoungGen      total 34304K, used 23552K [0x00000000f5580000, 0x00000000f8300000, 0x0000000100000000)
  eden space 23552K, 100% used [0x00000000f5580000,0x00000000f6c80000,0x00000000f6c80000)
  from space 10752K, 0% used [0x00000000f7700000,0x00000000f7700000,0x00000000f8180000)
  to   space 10752K, 0% used [0x00000000f6c80000,0x00000000f6c80000,0x00000000f7700000)
 ParOldGen       total 349696K, used 349695K [0x00000000e0000000, 0x00000000f5580000, 0x00000000f5580000)
  object space 349696K, 99% used [0x00000000e0000000,0x00000000f557ffd0,0x00000000f5580000)
 Metaspace       used 58262K, committed 59008K, reserved 1105920K
  class space    used 5708K, committed 6016K, reserved 1048576K
}
Event: 1020.760 GC heap after
{Heap after GC invocations=854 (full 746):
 PSYoungGen      total 34304K, used 23551K [0x00000000f5580000, 0x00000000f8300000, 0x0000000100000000)
  eden space 23552K, 99% used [0x00000000f5580000,0x00000000f6c7ffe0,0x00000000f6c80000)
  from space 10752K, 0% used [0x00000000f6c80000,0x00000000f6c80000,0x00000000f7700000)
  to   space 10752K, 0% used [0x00000000f7700000,0x00000000f7700000,0x00000000f8180000)
 ParOldGen       total 349696K, used 349695K [0x00000000e0000000, 0x00000000f5580000, 0x00000000f5580000)
  object space 349696K, 99% used [0x00000000e0000000,0x00000000f557ffd0,0x00000000f5580000)
 Metaspace       used 58262K, committed 59008K, reserved 1105920K
  class space    used 5708K, committed 6016K, reserved 1048576K
}
Event: 1020.761 GC heap before
{Heap before GC invocations=855 (full 747):
 PSYoungGen      total 34304K, used 23551K [0x00000000f5580000, 0x00000000f8300000, 0x0000000100000000)
  eden space 23552K, 99% used [0x00000000f5580000,0x00000000f6c7fff0,0x00000000f6c80000)
  from space 10752K, 0% used [0x00000000f6c80000,0x00000000f6c80000,0x00000000f7700000)
  to   space 10752K, 0% used [0x00000000f7700000,0x00000000f7700000,0x00000000f8180000)
 ParOldGen       total 349696K, used 349695K [0x00000000e0000000, 0x00000000f5580000, 0x00000000f5580000)
  object space 349696K, 99% used [0x00000000e0000000,0x00000000f557ffd0,0x00000000f5580000)
 Metaspace       used 58262K, committed 59008K, reserved 1105920K
  class space    used 5708K, committed 6016K, reserved 1048576K
}
Event: 1022.027 GC heap after
{Heap after GC invocations=855 (full 747):
 PSYoungGen      total 34304K, used 23551K [0x00000000f5580000, 0x00000000f8300000, 0x0000000100000000)
  eden space 23552K, 99% used [0x00000000f5580000,0x00000000f6c7ffe0,0x00000000f6c80000)
  from space 10752K, 0% used [0x00000000f7700000,0x00000000f7700000,0x00000000f8180000)
  to   space 10752K, 0% used [0x00000000f6c80000,0x00000000f6c80000,0x00000000f7700000)
 ParOldGen       total 349696K, used 349695K [0x00000000e0000000, 0x00000000f5580000, 0x00000000f5580000)
  object space 349696K, 99% used [0x00000000e0000000,0x00000000f557ffd0,0x00000000f5580000)
 Metaspace       used 58262K, committed 59008K, reserved 1105920K
  class space    used 5708K, committed 6016K, reserved 1048576K
}
Event: 1022.028 GC heap before
{Heap before GC invocations=856 (full 748):
 PSYoungGen      total 34304K, used 23551K [0x00000000f5580000, 0x00000000f8300000, 0x0000000100000000)
  eden space 23552K, 99% used [0x00000000f5580000,0x00000000f6c7fff8,0x00000000f6c80000)
  from space 10752K, 0% used [0x00000000f7700000,0x00000000f7700000,0x00000000f8180000)
  to   space 10752K, 0% used [0x00000000f6c80000,0x00000000f6c80000,0x00000000f7700000)
 ParOldGen       total 349696K, used 349695K [0x00000000e0000000, 0x00000000f5580000, 0x00000000f5580000)
  object space 349696K, 99% used [0x00000000e0000000,0x00000000f557ffd0,0x00000000f5580000)
 Metaspace       used 58262K, committed 59008K, reserved 1105920K
  class space    used 5708K, committed 6016K, reserved 1048576K
}
Event: 1023.336 GC heap after
{Heap after GC invocations=856 (full 748):
 PSYoungGen      total 34304K, used 23551K [0x00000000f5580000, 0x00000000f8300000, 0x0000000100000000)
  eden space 23552K, 99% used [0x00000000f5580000,0x00000000f6c7fff8,0x00000000f6c80000)
  from space 10752K, 0% used [0x00000000f6c80000,0x00000000f6c80000,0x00000000f7700000)
  to   space 10752K, 0% used [0x00000000f7700000,0x00000000f7700000,0x00000000f8180000)
 ParOldGen       total 349696K, used 349695K [0x00000000e0000000, 0x00000000f5580000, 0x00000000f5580000)
  object space 349696K, 99% used [0x00000000e0000000,0x00000000f557ffd0,0x00000000f5580000)
 Metaspace       used 58262K, committed 59008K, reserved 1105920K
  class space    used 5708K, committed 6016K, reserved 1048576K
}
Event: 1023.337 GC heap before
{Heap before GC invocations=857 (full 749):
 PSYoungGen      total 34304K, used 23551K [0x00000000f5580000, 0x00000000f8300000, 0x0000000100000000)
  eden space 23552K, 99% used [0x00000000f5580000,0x00000000f6c7fff8,0x00000000f6c80000)
  from space 10752K, 0% used [0x00000000f6c80000,0x00000000f6c80000,0x00000000f7700000)
  to   space 10752K, 0% used [0x00000000f7700000,0x00000000f7700000,0x00000000f8180000)
 ParOldGen       total 349696K, used 349695K [0x00000000e0000000, 0x00000000f5580000, 0x00000000f5580000)
  object space 349696K, 99% used [0x00000000e0000000,0x00000000f557ffd0,0x00000000f5580000)
 Metaspace       used 58262K, committed 59008K, reserved 1105920K
  class space    used 5708K, committed 6016K, reserved 1048576K
}
Event: 1024.555 GC heap after
{Heap after GC invocations=857 (full 749):
 PSYoungGen      total 34304K, used 23551K [0x00000000f5580000, 0x00000000f8300000, 0x0000000100000000)
  eden space 23552K, 99% used [0x00000000f5580000,0x00000000f6c7fff8,0x00000000f6c80000)
  from space 10752K, 0% used [0x00000000f7700000,0x00000000f7700000,0x00000000f8180000)
  to   space 10752K, 0% used [0x00000000f6c80000,0x00000000f6c80000,0x00000000f7700000)
 ParOldGen       total 349696K, used 349695K [0x00000000e0000000, 0x00000000f5580000, 0x00000000f5580000)
  object space 349696K, 99% used [0x00000000e0000000,0x00000000f557ffd0,0x00000000f5580000)
 Metaspace       used 58262K, committed 59008K, reserved 1105920K
  class space    used 5708K, committed 6016K, reserved 1048576K
}
Event: 1024.555 GC heap before
{Heap before GC invocations=858 (full 750):
 PSYoungGen      total 34304K, used 23551K [0x00000000f5580000, 0x00000000f8300000, 0x0000000100000000)
  eden space 23552K, 99% used [0x00000000f5580000,0x00000000f6c7fff8,0x00000000f6c80000)
  from space 10752K, 0% used [0x00000000f7700000,0x00000000f7700000,0x00000000f8180000)
  to   space 10752K, 0% used [0x00000000f6c80000,0x00000000f6c80000,0x00000000f7700000)
 ParOldGen       total 349696K, used 349695K [0x00000000e0000000, 0x00000000f5580000, 0x00000000f5580000)
  object space 349696K, 99% used [0x00000000e0000000,0x00000000f557fff0,0x00000000f5580000)
 Metaspace       used 58262K, committed 59008K, reserved 1105920K
  class space    used 5708K, committed 6016K, reserved 1048576K
}
Event: 1025.876 GC heap after
{Heap after GC invocations=858 (full 750):
 PSYoungGen      total 34304K, used 23551K [0x00000000f5580000, 0x00000000f8300000, 0x0000000100000000)
  eden space 23552K, 99% used [0x00000000f5580000,0x00000000f6c7fff8,0x00000000f6c80000)
  from space 10752K, 0% used [0x00000000f6c80000,0x00000000f6c80000,0x00000000f7700000)
  to   space 10752K, 0% used [0x00000000f7700000,0x00000000f7700000,0x00000000f8180000)
 ParOldGen       total 349696K, used 349695K [0x00000000e0000000, 0x00000000f5580000, 0x00000000f5580000)
  object space 349696K, 99% used [0x00000000e0000000,0x00000000f557fff0,0x00000000f5580000)
 Metaspace       used 58262K, committed 59008K, reserved 1105920K
  class space    used 5708K, committed 6016K, reserved 1048576K
}
Event: 1025.876 GC heap before
{Heap before GC invocations=859 (full 751):
 PSYoungGen      total 34304K, used 23551K [0x00000000f5580000, 0x00000000f8300000, 0x0000000100000000)
  eden space 23552K, 99% used [0x00000000f5580000,0x00000000f6c7fff8,0x00000000f6c80000)
  from space 10752K, 0% used [0x00000000f6c80000,0x00000000f6c80000,0x00000000f7700000)
  to   space 10752K, 0% used [0x00000000f7700000,0x00000000f7700000,0x00000000f8180000)
 ParOldGen       total 349696K, used 349695K [0x00000000e0000000, 0x00000000f5580000, 0x00000000f5580000)
  object space 349696K, 99% used [0x00000000e0000000,0x00000000f557fff0,0x00000000f5580000)
 Metaspace       used 58262K, committed 59008K, reserved 1105920K
  class space    used 5708K, committed 6016K, reserved 1048576K
}
Event: 1027.141 GC heap after
{Heap after GC invocations=859 (full 751):
 PSYoungGen      total 34304K, used 23551K [0x00000000f5580000, 0x00000000f8300000, 0x0000000100000000)
  eden space 23552K, 99% used [0x00000000f5580000,0x00000000f6c7fff8,0x00000000f6c80000)
  from space 10752K, 0% used [0x00000000f7700000,0x00000000f7700000,0x00000000f8180000)
  to   space 10752K, 0% used [0x00000000f6c80000,0x00000000f6c80000,0x00000000f7700000)
 ParOldGen       total 349696K, used 349695K [0x00000000e0000000, 0x00000000f5580000, 0x00000000f5580000)
  object space 349696K, 99% used [0x00000000e0000000,0x00000000f557fff0,0x00000000f5580000)
 Metaspace       used 58262K, committed 59008K, reserved 1105920K
  class space    used 5708K, committed 6016K, reserved 1048576K
}

