# JRE version: OpenJDK Runtime Environment GraalVM CE 22.3.0 (17.0.5+8) (build 17.0.5+8-jvmci-22.3-b08)
# Java VM: OpenJDK 64-Bit Server VM GraalVM CE 22.3.0 (17.0.5+8-jvmci-22.3-b08, mixed mode, sharing, tiered, jvmci, jvmci compiler, compressed oops, compressed class ptrs, parallel gc, linux-amd64)
GC Precious Log:
 CPUs: 8 total, 1 available
 Memory: 1024M
 Large Page Support: Disabled
 NUMA Support: Disabled
 Compressed Oops: Enabled (32-bit)
 Alignments: Space 512K, Generation 512K, Heap 2M
 Heap Min Capacity: 100M
 Heap Initial Capacity: 100M
 Heap Max Capacity: 512M
 Pre-touch: Disabled
 Parallel Workers: 1
Heap:
 PSYoungGen      total 61952K, used 44544K [0x00000000f5580000, 0x00000000f9f80000, 0x0000000100000000)
  eden space 44544K, 100% used [0x00000000f5580000,0x00000000f8100000,0x00000000f8100000)
  from space 17408K, 0% used [0x00000000f8100000,0x00000000f8100000,0x00000000f9200000)
  to   space 12288K, 0% used [0x00000000f9380000,0x00000000f9380000,0x00000000f9f80000)
 ParOldGen       total 349696K, used 349695K [0x00000000e0000000, 0x00000000f5580000, 0x00000000f5580000)
  object space 349696K, 99% used [0x00000000e0000000,0x00000000f557fd48,0x00000000f5580000)
 Metaspace       used 57256K, committed 58176K, reserved 1105920K
  class space    used 5561K, committed 5952K, reserved 1048576K
GC Heap History (20 events):
Event: 2202.832 GC heap before
{Heap before GC invocations=1554 (full 1429):
 PSYoungGen      total 61952K, used 44543K [0x00000000f5580000, 0x00000000f9f80000, 0x0000000100000000)
  eden space 44544K, 99% used [0x00000000f5580000,0x00000000f80ffff8,0x00000000f8100000)
  from space 17408K, 0% used [0x00000000f8100000,0x00000000f8100000,0x00000000f9200000)
  to   space 12288K, 0% used [0x00000000f9380000,0x00000000f9380000,0x00000000f9f80000)
 ParOldGen       total 349696K, used 349687K [0x00000000e0000000, 0x00000000f5580000, 0x00000000f5580000)
  object space 349696K, 99% used [0x00000000e0000000,0x00000000f557dff0,0x00000000f5580000)
 Metaspace       used 57256K, committed 58176K, reserved 1105920K
  class space    used 5561K, committed 5952K, reserved 1048576K
}
Event: 2204.231 GC heap after
{Heap after GC invocations=1554 (full 1429):
 PSYoungGen      total 56832K, used 44543K [0x00000000f5580000, 0x00000000f9f80000, 0x0000000100000000)
  eden space 44544K, 99% used [0x00000000f5580000,0x00000000f80ffff8,0x00000000f8100000)
  from space 12288K, 0% used [0x00000000f9380000,0x00000000f9380000,0x00000000f9f80000)
  to   space 17408K, 0% used [0x00000000f8100000,0x00000000f8100000,0x00000000f9200000)
 ParOldGen       total 349696K, used 349687K [0x00000000e0000000, 0x00000000f5580000, 0x00000000f5580000)
  object space 349696K, 99% used [0x00000000e0000000,0x00000000f557dc48,0x00000000f5580000)
 Metaspace       used 57256K, committed 58176K, reserved 1105920K
  class space    used 5561K, committed 5952K, reserved 1048576K
}
Event: 2204.231 GC heap before
{Heap before GC invocations=1555 (full 1430):
 PSYoungGen      total 56832K, used 44543K [0x00000000f5580000, 0x00000000f9f80000, 0x0000000100000000)
  eden space 44544K, 99% used [0x00000000f5580000,0x00000000f80ffff8,0x00000000f8100000)
  from space 12288K, 0% used [0x00000000f9380000,0x00000000f9380000,0x00000000f9f80000)
  to   space 17408K, 0% used [0x00000000f8100000,0x00000000f8100000,0x00000000f9200000)
 ParOldGen       total 349696K, used 349689K [0x00000000e0000000, 0x00000000f5580000, 0x00000000f5580000)
  object space 349696K, 99% used [0x00000000e0000000,0x00000000f557e5d8,0x00000000f5580000)
 Metaspace       used 57256K, committed 58176K, reserved 1105920K
  class space    used 5561K, committed 5952K, reserved 1048576K
}
Event: 2205.751 GC heap after
{Heap after GC invocations=1555 (full 1430):
 PSYoungGen      total 61952K, used 44543K [0x00000000f5580000, 0x00000000f9f80000, 0x0000000100000000)
  eden space 44544K, 99% used [0x00000000f5580000,0x00000000f80ffff8,0x00000000f8100000)
  from space 17408K, 0% used [0x00000000f8100000,0x00000000f8100000,0x00000000f9200000)
  to   space 12288K, 0% used [0x00000000f9380000,0x00000000f9380000,0x00000000f9f80000)
 ParOldGen       total 349696K, used 349688K [0x00000000e0000000, 0x00000000f5580000, 0x00000000f5580000)
  object space 349696K, 99% used [0x00000000e0000000,0x00000000f557e358,0x00000000f5580000)
 Metaspace       used 57256K, committed 58176K, reserved 1105920K
  class space    used 5561K, committed 5952K, reserved 1048576K
}
Event: 2205.751 GC heap before
{Heap before GC invocations=1556 (full 1431):
 PSYoungGen      total 61952K, used 44543K [0x00000000f5580000, 0x00000000f9f80000, 0x0000000100000000)
  eden space 44544K, 99% used [0x00000000f5580000,0x00000000f80ffff8,0x00000000f8100000)
  from space 17408K, 0% used [0x00000000f8100000,0x00000000f8100000,0x00000000f9200000)
  to   space 12288K, 0% used [0x00000000f9380000,0x00000000f9380000,0x00000000f9f80000)
 ParOldGen       total 349696K, used 349690K [0x00000000e0000000, 0x00000000f5580000, 0x00000000f5580000)
  object space 349696K, 99% used [0x00000000e0000000,0x00000000f557e978,0x00000000f5580000)
 Metaspace       used 57256K, committed 58176K, reserved 1105920K
  class space    used 5561K, committed 5952K, reserved 1048576K
}
Event: 2207.061 GC heap after
{Heap after GC invocations=1556 (full 1431):
 PSYoungGen      total 56832K, used 44543K [0x00000000f5580000, 0x00000000f9f80000, 0x0000000100000000)
  eden space 44544K, 99% used [0x00000000f5580000,0x00000000f80ffff8,0x00000000f8100000)
  from space 12288K, 0% used [0x00000000f9380000,0x00000000f9380000,0x00000000f9f80000)
  to   space 17408K, 0% used [0x00000000f8100000,0x00000000f8100000,0x00000000f9200000)
 ParOldGen       total 349696K, used 349689K [0x00000000e0000000, 0x00000000f5580000, 0x00000000f5580000)
  object space 349696K, 99% used [0x00000000e0000000,0x00000000f557e548,0x00000000f5580000)
 Metaspace       used 57256K, committed 58176K, reserved 1105920K
  class space    used 5561K, committed 5952K, reserved 1048576K
}
Event: 2207.061 GC heap before
{Heap before GC invocations=1557 (full 1432):
 PSYoungGen      total 56832K, used 44543K [0x00000000f5580000, 0x00000000f9f80000, 0x0000000100000000)
  eden space 44544K, 99% used [0x00000000f5580000,0x00000000f80ffff8,0x00000000f8100000)
  from space 12288K, 0% used [0x00000000f9380000,0x00000000f9380000,0x00000000f9f80000)
  to   space 17408K, 0% used [0x00000000f8100000,0x00000000f8100000,0x00000000f9200000)
 ParOldGen       total 349696K, used 349694K [0x00000000e0000000, 0x00000000f5580000, 0x00000000f5580000)
  object space 349696K, 99% used [0x00000000e0000000,0x00000000f557f980,0x00000000f5580000)
 Metaspace       used 57256K, committed 58176K, reserved 1105920K
  class space    used 5561K, committed 5952K, reserved 1048576K
}
Event: 2208.579 GC heap after
{Heap after GC invocations=1557 (full 1432):
 PSYoungGen      total 61952K, used 44543K [0x00000000f5580000, 0x00000000f9f80000, 0x0000000100000000)
  eden space 44544K, 99% used [0x00000000f5580000,0x00000000f80ffff8,0x00000000f8100000)
  from space 17408K, 0% used [0x00000000f8100000,0x00000000f8100000,0x00000000f9200000)
  to   space 12288K, 0% used [0x00000000f9380000,0x00000000f9380000,0x00000000f9f80000)
 ParOldGen       total 349696K, used 349693K [0x00000000e0000000, 0x00000000f5580000, 0x00000000f5580000)
  object space 349696K, 99% used [0x00000000e0000000,0x00000000f557f460,0x00000000f5580000)
 Metaspace       used 57256K, committed 58176K, reserved 1105920K
  class space    used 5561K, committed 5952K, reserved 1048576K
}
Event: 2208.579 GC heap before
{Heap before GC invocations=1558 (full 1433):
 PSYoungGen      total 61952K, used 44543K [0x00000000f5580000, 0x00000000f9f80000, 0x0000000100000000)
  eden space 44544K, 99% used [0x00000000f5580000,0x00000000f80ffff8,0x00000000f8100000)
  from space 17408K, 0% used [0x00000000f8100000,0x00000000f8100000,0x00000000f9200000)
  to   space 12288K, 0% used [0x00000000f9380000,0x00000000f9380000,0x00000000f9f80000)
 ParOldGen       total 349696K, used 349694K [0x00000000e0000000, 0x00000000f5580000, 0x00000000f5580000)
  object space 349696K, 99% used [0x00000000e0000000,0x00000000f557f960,0x00000000f5580000)
 Metaspace       used 57256K, committed 58176K, reserved 1105920K
  class space    used 5561K, committed 5952K, reserved 1048576K
}
Event: 2209.932 GC heap after
{Heap after GC invocations=1558 (full 1433):
 PSYoungGen      total 56832K, used 44543K [0x00000000f5580000, 0x00000000f9f80000, 0x0000000100000000)
  eden space 44544K, 99% used [0x00000000f5580000,0x00000000f80fffd8,0x00000000f8100000)
  from space 12288K, 0% used [0x00000000f9380000,0x00000000f9380000,0x00000000f9f80000)
  to   space 17408K, 0% used [0x00000000f8100000,0x00000000f8100000,0x00000000f9200000)
 ParOldGen       total 349696K, used 349693K [0x00000000e0000000, 0x00000000f5580000, 0x00000000f5580000)
  object space 349696K, 99% used [0x00000000e0000000,0x00000000f557f718,0x00000000f5580000)
 Metaspace       used 57256K, committed 58176K, reserved 1105920K
  class space    used 5561K, committed 5952K, reserved 1048576K
}
Event: 2209.932 GC heap before
{Heap before GC invocations=1559 (full 1434):
 PSYoungGen      total 56832K, used 44543K [0x00000000f5580000, 0x00000000f9f80000, 0x0000000100000000)
  eden space 44544K, 99% used [0x00000000f5580000,0x00000000f80fffd8,0x00000000f8100000)
  from space 12288K, 0% used [0x00000000f9380000,0x00000000f9380000,0x00000000f9f80000)
  to   space 17408K, 0% used [0x00000000f8100000,0x00000000f8100000,0x00000000f9200000)
 ParOldGen       total 349696K, used 349693K [0x00000000e0000000, 0x00000000f5580000, 0x00000000f5580000)
  object space 349696K, 99% used [0x00000000e0000000,0x00000000f557f718,0x00000000f5580000)
 Metaspace       used 57256K, committed 58176K, reserved 1105920K
  class space    used 5561K, committed 5952K, reserved 1048576K
}
Event: 2211.328 GC heap after
{Heap after GC invocations=1559 (full 1434):
 PSYoungGen      total 61952K, used 44543K [0x00000000f5580000, 0x00000000f9f80000, 0x0000000100000000)
  eden space 44544K, 99% used [0x00000000f5580000,0x00000000f80fffd8,0x00000000f8100000)
  from space 17408K, 0% used [0x00000000f8100000,0x00000000f8100000,0x00000000f9200000)
  to   space 12288K, 0% used [0x00000000f9380000,0x00000000f9380000,0x00000000f9f80000)
 ParOldGen       total 349696K, used 349693K [0x00000000e0000000, 0x00000000f5580000, 0x00000000f5580000)
  object space 349696K, 99% used [0x00000000e0000000,0x00000000f557f718,0x00000000f5580000)
 Metaspace       used 57256K, committed 58176K, reserved 1105920K
  class space    used 5561K, committed 5952K, reserved 1048576K
}
Event: 2211.329 GC heap before
{Heap before GC invocations=1560 (full 1435):
 PSYoungGen      total 61952K, used 44543K [0x00000000f5580000, 0x00000000f9f80000, 0x0000000100000000)
  eden space 44544K, 99% used [0x00000000f5580000,0x00000000f80fffd8,0x00000000f8100000)
  from space 17408K, 0% used [0x00000000f8100000,0x00000000f8100000,0x00000000f9200000)
  to   space 12288K, 0% used [0x00000000f9380000,0x00000000f9380000,0x00000000f9f80000)
 ParOldGen       total 349696K, used 349693K [0x00000000e0000000, 0x00000000f5580000, 0x00000000f5580000)
  object space 349696K, 99% used [0x00000000e0000000,0x00000000f557f718,0x00000000f5580000)
 Metaspace       used 57256K, committed 58176K, reserved 1105920K
  class space    used 5561K, committed 5952K, reserved 1048576K
}
Event: 2212.854 GC heap after
{Heap after GC invocations=1560 (full 1435):
 PSYoungGen      total 56832K, used 44543K [0x00000000f5580000, 0x00000000f9f80000, 0x0000000100000000)
  eden space 44544K, 99% used [0x00000000f5580000,0x00000000f80fffd8,0x00000000f8100000)
  from space 12288K, 0% used [0x00000000f9380000,0x00000000f9380000,0x00000000f9f80000)
  to   space 17408K, 0% used [0x00000000f8100000,0x00000000f8100000,0x00000000f9200000)
 ParOldGen       total 349696K, used 349693K [0x00000000e0000000, 0x00000000f5580000, 0x00000000f5580000)
  object space 349696K, 99% used [0x00000000e0000000,0x00000000f557f448,0x00000000f5580000)
 Metaspace       used 57256K, committed 58176K, reserved 1105920K
  class space    used 5561K, committed 5952K, reserved 1048576K
}
Event: 2212.854 GC heap before
{Heap before GC invocations=1561 (full 1436):
 PSYoungGen      total 56832K, used 44543K [0x00000000f5580000, 0x00000000f9f80000, 0x0000000100000000)
  eden space 44544K, 99% used [0x00000000f5580000,0x00000000f80ffff0,0x00000000f8100000)
  from space 12288K, 0% used [0x00000000f9380000,0x00000000f9380000,0x00000000f9f80000)
  to   space 17408K, 0% used [0x00000000f8100000,0x00000000f8100000,0x00000000f9200000)
 ParOldGen       total 349696K, used 349695K [0x00000000e0000000, 0x00000000f5580000, 0x00000000f5580000)
  object space 349696K, 99% used [0x00000000e0000000,0x00000000f557ffd8,0x00000000f5580000)
 Metaspace       used 57256K, committed 58176K, reserved 1105920K
  class space    used 5561K, committed 5952K, reserved 1048576K
}
Event: 2214.263 GC heap after
{Heap after GC invocations=1561 (full 1436):
 PSYoungGen      total 61952K, used 44543K [0x00000000f5580000, 0x00000000f9f80000, 0x0000000100000000)
  eden space 44544K, 99% used [0x00000000f5580000,0x00000000f80fffd8,0x00000000f8100000)
  from space 17408K, 0% used [0x00000000f8100000,0x00000000f8100000,0x00000000f9200000)
  to   space 12288K, 0% used [0x00000000f9380000,0x00000000f9380000,0x00000000f9f80000)
 ParOldGen       total 349696K, used 349695K [0x00000000e0000000, 0x00000000f5580000, 0x00000000f5580000)
  object space 349696K, 99% used [0x00000000e0000000,0x00000000f557fc88,0x00000000f5580000)
 Metaspace       used 57256K, committed 58176K, reserved 1105920K
  class space    used 5561K, committed 5952K, reserved 1048576K
}
Event: 2214.264 GC heap before
{Heap before GC invocations=1562 (full 1437):
 PSYoungGen      total 61952K, used 44543K [0x00000000f5580000, 0x00000000f9f80000, 0x0000000100000000)
  eden space 44544K, 99% used [0x00000000f5580000,0x00000000f80ffff0,0x00000000f8100000)
  from space 17408K, 0% used [0x00000000f8100000,0x00000000f8100000,0x00000000f9200000)
  to   space 12288K, 0% used [0x00000000f9380000,0x00000000f9380000,0x00000000f9f80000)
 ParOldGen       total 349696K, used 349695K [0x00000000e0000000, 0x00000000f5580000, 0x00000000f5580000)
  object space 349696K, 99% used [0x00000000e0000000,0x00000000f557fcb8,0x00000000f5580000)
 Metaspace       used 57256K, committed 58176K, reserved 1105920K
  class space    used 5561K, committed 5952K, reserved 1048576K
}
Event: 2215.773 GC heap after
{Heap after GC invocations=1562 (full 1437):
 PSYoungGen      total 56832K, used 44543K [0x00000000f5580000, 0x00000000f9f80000, 0x0000000100000000)
  eden space 44544K, 99% used [0x00000000f5580000,0x00000000f80fffd8,0x00000000f8100000)
  from space 12288K, 0% used [0x00000000f9380000,0x00000000f9380000,0x00000000f9f80000)
  to   space 17408K, 0% used [0x00000000f8100000,0x00000000f8100000,0x00000000f9200000)
 ParOldGen       total 349696K, used 349695K [0x00000000e0000000, 0x00000000f5580000, 0x00000000f5580000)
  object space 349696K, 99% used [0x00000000e0000000,0x00000000f557fcb8,0x00000000f5580000)
 Metaspace       used 57256K, committed 58176K, reserved 1105920K
  class space    used 5561K, committed 5952K, reserved 1048576K
}
Event: 2215.773 GC heap before
{Heap before GC invocations=1563 (full 1438):
 PSYoungGen      total 56832K, used 44543K [0x00000000f5580000, 0x00000000f9f80000, 0x0000000100000000)
  eden space 44544K, 99% used [0x00000000f5580000,0x00000000f80fffd8,0x00000000f8100000)
  from space 12288K, 0% used [0x00000000f9380000,0x00000000f9380000,0x00000000f9f80000)
  to   space 17408K, 0% used [0x00000000f8100000,0x00000000f8100000,0x00000000f9200000)
 ParOldGen       total 349696K, used 349695K [0x00000000e0000000, 0x00000000f5580000, 0x00000000f5580000)
  object space 349696K, 99% used [0x00000000e0000000,0x00000000f557fcb8,0x00000000f5580000)
 Metaspace       used 57256K, committed 58176K, reserved 1105920K
  class space    used 5561K, committed 5952K, reserved 1048576K
}
Event: 2217.244 GC heap after
{Heap after GC invocations=1563 (full 1438):
 PSYoungGen      total 61952K, used 44543K [0x00000000f5580000, 0x00000000f9f80000, 0x0000000100000000)
  eden space 44544K, 99% used [0x00000000f5580000,0x00000000f80fffd8,0x00000000f8100000)
  from space 17408K, 0% used [0x00000000f8100000,0x00000000f8100000,0x00000000f9200000)
  to   space 12288K, 0% used [0x00000000f9380000,0x00000000f9380000,0x00000000f9f80000)
 ParOldGen       total 349696K, used 349695K [0x00000000e0000000, 0x00000000f5580000, 0x00000000f5580000)
  object space 349696K, 99% used [0x00000000e0000000,0x00000000f557fcb8,0x00000000f5580000)
 Metaspace       used 57256K, committed 58176K, reserved 1105920K
  class space    used 5561K, committed 5952K, reserved 1048576K
}

