# JRE version: OpenJDK Runtime Environment GraalVM CE 22.3.0 (17.0.5+8) (build 17.0.5+8-jvmci-22.3-b08)
# Java VM: OpenJDK 64-Bit Server VM GraalVM CE 22.3.0 (17.0.5+8-jvmci-22.3-b08, mixed mode, sharing, tiered, jvmci, jvmci compiler, compressed oops, compressed class ptrs, parallel gc, linux-amd64)
GC Precious Log:
 CPUs: 16 total, 1 available
 Memory: 1024M
 Large Page Support: Disabled
 NUMA Support: Disabled
 Compressed Oops: Enabled (32-bit)
 Alignments: Space 512K, Generation 512K, Heap 2M
 Heap Min Capacity: 100M
 Heap Initial Capacity: 100M
 Heap Max Capacity: 512M
 Pre-touch: Disabled
 Parallel Workers: 1
Heap:
 PSYoungGen      total 53760K, used 38090K [0x00000000f5580000, 0x00000000f9d00000, 0x0000000100000000)
  eden space 35840K, 100% used [0x00000000f5580000,0x00000000f7880000,0x00000000f7880000)
  from space 17920K, 12% used [0x00000000f7900000,0x00000000f7b32a58,0x00000000f8a80000)
  to   space 17408K, 0% used [0x00000000f8a80000,0x00000000f8a80000,0x00000000f9b80000)
 ParOldGen       total 349696K, used 349696K [0x00000000e0000000, 0x00000000f5580000, 0x00000000f5580000)
  object space 349696K, 100% used [0x00000000e0000000,0x00000000f5580000,0x00000000f5580000)
 Metaspace       used 54472K, committed 55296K, reserved 1105920K
  class space    used 5449K, committed 5824K, reserved 1048576K
GC Heap History (20 events):
Event: 2095.935 GC heap before
{Heap before GC invocations=966 (full 797):
 PSYoungGen      total 53760K, used 38090K [0x00000000f5580000, 0x00000000f9d00000, 0x0000000100000000)
  eden space 35840K, 99% used [0x00000000f5580000,0x00000000f787fff8,0x00000000f7880000)
  from space 17920K, 12% used [0x00000000f7900000,0x00000000f7b32a58,0x00000000f8a80000)
  to   space 17408K, 0% used [0x00000000f8a80000,0x00000000f8a80000,0x00000000f9b80000)
 ParOldGen       total 349696K, used 349695K [0x00000000e0000000, 0x00000000f5580000, 0x00000000f5580000)
  object space 349696K, 99% used [0x00000000e0000000,0x00000000f557ffe0,0x00000000f5580000)
 Metaspace       used 54472K, committed 55296K, reserved 1105920K
  class space    used 5449K, committed 5824K, reserved 1048576K
}
Event: 2098.386 GC heap after
{Heap after GC invocations=966 (full 797):
 PSYoungGen      total 53760K, used 38090K [0x00000000f5580000, 0x00000000f9d00000, 0x0000000100000000)
  eden space 35840K, 99% used [0x00000000f5580000,0x00000000f787fff8,0x00000000f7880000)
  from space 17920K, 12% used [0x00000000f7900000,0x00000000f7b32a58,0x00000000f8a80000)
  to   space 17408K, 0% used [0x00000000f8a80000,0x00000000f8a80000,0x00000000f9b80000)
 ParOldGen       total 349696K, used 349695K [0x00000000e0000000, 0x00000000f5580000, 0x00000000f5580000)
  object space 349696K, 99% used [0x00000000e0000000,0x00000000f557ff20,0x00000000f5580000)
 Metaspace       used 54472K, committed 55296K, reserved 1105920K
  class space    used 5449K, committed 5824K, reserved 1048576K
}
Event: 2098.387 GC heap before
{Heap before GC invocations=967 (full 798):
 PSYoungGen      total 53760K, used 38090K [0x00000000f5580000, 0x00000000f9d00000, 0x0000000100000000)
  eden space 35840K, 99% used [0x00000000f5580000,0x00000000f787fff8,0x00000000f7880000)
  from space 17920K, 12% used [0x00000000f7900000,0x00000000f7b32a58,0x00000000f8a80000)
  to   space 17408K, 0% used [0x00000000f8a80000,0x00000000f8a80000,0x00000000f9b80000)
 ParOldGen       total 349696K, used 349695K [0x00000000e0000000, 0x00000000f5580000, 0x00000000f5580000)
  object space 349696K, 99% used [0x00000000e0000000,0x00000000f557ffa0,0x00000000f5580000)
 Metaspace       used 54472K, committed 55296K, reserved 1105920K
  class space    used 5449K, committed 5824K, reserved 1048576K
}
Event: 2100.686 GC heap after
{Heap after GC invocations=967 (full 798):
 PSYoungGen      total 53760K, used 38090K [0x00000000f5580000, 0x00000000f9d00000, 0x0000000100000000)
  eden space 35840K, 99% used [0x00000000f5580000,0x00000000f787fff8,0x00000000f7880000)
  from space 17920K, 12% used [0x00000000f7900000,0x00000000f7b32a58,0x00000000f8a80000)
  to   space 17408K, 0% used [0x00000000f8a80000,0x00000000f8a80000,0x00000000f9b80000)
 ParOldGen       total 349696K, used 349695K [0x00000000e0000000, 0x00000000f5580000, 0x00000000f5580000)
  object space 349696K, 99% used [0x00000000e0000000,0x00000000f557ff70,0x00000000f5580000)
 Metaspace       used 54472K, committed 55296K, reserved 1105920K
  class space    used 5449K, committed 5824K, reserved 1048576K
}
Event: 2100.687 GC heap before
{Heap before GC invocations=968 (full 799):
 PSYoungGen      total 53760K, used 38090K [0x00000000f5580000, 0x00000000f9d00000, 0x0000000100000000)
  eden space 35840K, 99% used [0x00000000f5580000,0x00000000f787fff8,0x00000000f7880000)
  from space 17920K, 12% used [0x00000000f7900000,0x00000000f7b32a58,0x00000000f8a80000)
  to   space 17408K, 0% used [0x00000000f8a80000,0x00000000f8a80000,0x00000000f9b80000)
 ParOldGen       total 349696K, used 349696K [0x00000000e0000000, 0x00000000f5580000, 0x00000000f5580000)
  object space 349696K, 100% used [0x00000000e0000000,0x00000000f5580000,0x00000000f5580000)
 Metaspace       used 54472K, committed 55296K, reserved 1105920K
  class space    used 5449K, committed 5824K, reserved 1048576K
}
Event: 2103.188 GC heap after
{Heap after GC invocations=968 (full 799):
 PSYoungGen      total 53760K, used 38090K [0x00000000f5580000, 0x00000000f9d00000, 0x0000000100000000)
  eden space 35840K, 99% used [0x00000000f5580000,0x00000000f787fff8,0x00000000f7880000)
  from space 17920K, 12% used [0x00000000f7900000,0x00000000f7b32a58,0x00000000f8a80000)
  to   space 17408K, 0% used [0x00000000f8a80000,0x00000000f8a80000,0x00000000f9b80000)
 ParOldGen       total 349696K, used 349695K [0x00000000e0000000, 0x00000000f5580000, 0x00000000f5580000)
  object space 349696K, 99% used [0x00000000e0000000,0x00000000f557ff98,0x00000000f5580000)
 Metaspace       used 54472K, committed 55296K, reserved 1105920K
  class space    used 5449K, committed 5824K, reserved 1048576K
}
Event: 2103.188 GC heap before
{Heap before GC invocations=969 (full 800):
 PSYoungGen      total 53760K, used 38090K [0x00000000f5580000, 0x00000000f9d00000, 0x0000000100000000)
  eden space 35840K, 99% used [0x00000000f5580000,0x00000000f787fff8,0x00000000f7880000)
  from space 17920K, 12% used [0x00000000f7900000,0x00000000f7b32a58,0x00000000f8a80000)
  to   space 17408K, 0% used [0x00000000f8a80000,0x00000000f8a80000,0x00000000f9b80000)
 ParOldGen       total 349696K, used 349695K [0x00000000e0000000, 0x00000000f5580000, 0x00000000f5580000)
  object space 349696K, 99% used [0x00000000e0000000,0x00000000f557fff8,0x00000000f5580000)
 Metaspace       used 54472K, committed 55296K, reserved 1105920K
  class space    used 5449K, committed 5824K, reserved 1048576K
}
Event: 2105.750 GC heap after
{Heap after GC invocations=969 (full 800):
 PSYoungGen      total 53760K, used 38090K [0x00000000f5580000, 0x00000000f9d00000, 0x0000000100000000)
  eden space 35840K, 99% used [0x00000000f5580000,0x00000000f787fff8,0x00000000f7880000)
  from space 17920K, 12% used [0x00000000f7900000,0x00000000f7b32a58,0x00000000f8a80000)
  to   space 17408K, 0% used [0x00000000f8a80000,0x00000000f8a80000,0x00000000f9b80000)
 ParOldGen       total 349696K, used 349695K [0x00000000e0000000, 0x00000000f5580000, 0x00000000f5580000)
  object space 349696K, 99% used [0x00000000e0000000,0x00000000f557ff98,0x00000000f5580000)
 Metaspace       used 54472K, committed 55296K, reserved 1105920K
  class space    used 5449K, committed 5824K, reserved 1048576K
}
Event: 2105.758 GC heap before
{Heap before GC invocations=970 (full 801):
 PSYoungGen      total 53760K, used 38090K [0x00000000f5580000, 0x00000000f9d00000, 0x0000000100000000)
  eden space 35840K, 99% used [0x00000000f5580000,0x00000000f787fff8,0x00000000f7880000)
  from space 17920K, 12% used [0x00000000f7900000,0x00000000f7b32a58,0x00000000f8a80000)
  to   space 17408K, 0% used [0x00000000f8a80000,0x00000000f8a80000,0x00000000f9b80000)
 ParOldGen       total 349696K, used 349695K [0x00000000e0000000, 0x00000000f5580000, 0x00000000f5580000)
  object space 349696K, 99% used [0x00000000e0000000,0x00000000f557fff0,0x00000000f5580000)
 Metaspace       used 54472K, committed 55296K, reserved 1105920K
  class space    used 5449K, committed 5824K, reserved 1048576K
}
Event: 2108.360 GC heap after
{Heap after GC invocations=970 (full 801):
 PSYoungGen      total 53760K, used 38090K [0x00000000f5580000, 0x00000000f9d00000, 0x0000000100000000)
  eden space 35840K, 99% used [0x00000000f5580000,0x00000000f787fff8,0x00000000f7880000)
  from space 17920K, 12% used [0x00000000f7900000,0x00000000f7b32a58,0x00000000f8a80000)
  to   space 17408K, 0% used [0x00000000f8a80000,0x00000000f8a80000,0x00000000f9b80000)
 ParOldGen       total 349696K, used 349695K [0x00000000e0000000, 0x00000000f5580000, 0x00000000f5580000)
  object space 349696K, 99% used [0x00000000e0000000,0x00000000f557ffd8,0x00000000f5580000)
 Metaspace       used 54472K, committed 55296K, reserved 1105920K
  class space    used 5449K, committed 5824K, reserved 1048576K
}
Event: 2108.363 GC heap before
{Heap before GC invocations=971 (full 802):
 PSYoungGen      total 53760K, used 38090K [0x00000000f5580000, 0x00000000f9d00000, 0x0000000100000000)
  eden space 35840K, 99% used [0x00000000f5580000,0x00000000f787fff8,0x00000000f7880000)
  from space 17920K, 12% used [0x00000000f7900000,0x00000000f7b32a58,0x00000000f8a80000)
  to   space 17408K, 0% used [0x00000000f8a80000,0x00000000f8a80000,0x00000000f9b80000)
 ParOldGen       total 349696K, used 349695K [0x00000000e0000000, 0x00000000f5580000, 0x00000000f5580000)
  object space 349696K, 99% used [0x00000000e0000000,0x00000000f557fff0,0x00000000f5580000)
 Metaspace       used 54472K, committed 55296K, reserved 1105920K
  class space    used 5449K, committed 5824K, reserved 1048576K
}
Event: 2110.875 GC heap after
{Heap after GC invocations=971 (full 802):
 PSYoungGen      total 53760K, used 38090K [0x00000000f5580000, 0x00000000f9d00000, 0x0000000100000000)
  eden space 35840K, 99% used [0x00000000f5580000,0x00000000f787fff8,0x00000000f7880000)
  from space 17920K, 12% used [0x00000000f7900000,0x00000000f7b32a58,0x00000000f8a80000)
  to   space 17408K, 0% used [0x00000000f8a80000,0x00000000f8a80000,0x00000000f9b80000)
 ParOldGen       total 349696K, used 349695K [0x00000000e0000000, 0x00000000f5580000, 0x00000000f5580000)
  object space 349696K, 99% used [0x00000000e0000000,0x00000000f557fff0,0x00000000f5580000)
 Metaspace       used 54472K, committed 55296K, reserved 1105920K
  class space    used 5449K, committed 5824K, reserved 1048576K
}
Event: 2110.875 GC heap before
{Heap before GC invocations=972 (full 803):
 PSYoungGen      total 53760K, used 38090K [0x00000000f5580000, 0x00000000f9d00000, 0x0000000100000000)
  eden space 35840K, 99% used [0x00000000f5580000,0x00000000f787fff8,0x00000000f7880000)
  from space 17920K, 12% used [0x00000000f7900000,0x00000000f7b32a58,0x00000000f8a80000)
  to   space 17408K, 0% used [0x00000000f8a80000,0x00000000f8a80000,0x00000000f9b80000)
 ParOldGen       total 349696K, used 349695K [0x00000000e0000000, 0x00000000f5580000, 0x00000000f5580000)
  object space 349696K, 99% used [0x00000000e0000000,0x00000000f557fff0,0x00000000f5580000)
 Metaspace       used 54472K, committed 55296K, reserved 1105920K
  class space    used 5449K, committed 5824K, reserved 1048576K
}
Event: 2113.467 GC heap after
{Heap after GC invocations=972 (full 803):
 PSYoungGen      total 53760K, used 38090K [0x00000000f5580000, 0x00000000f9d00000, 0x0000000100000000)
  eden space 35840K, 99% used [0x00000000f5580000,0x00000000f787fff8,0x00000000f7880000)
  from space 17920K, 12% used [0x00000000f7900000,0x00000000f7b32a58,0x00000000f8a80000)
  to   space 17408K, 0% used [0x00000000f8a80000,0x00000000f8a80000,0x00000000f9b80000)
 ParOldGen       total 349696K, used 349695K [0x00000000e0000000, 0x00000000f5580000, 0x00000000f5580000)
  object space 349696K, 99% used [0x00000000e0000000,0x00000000f557fff0,0x00000000f5580000)
 Metaspace       used 54472K, committed 55296K, reserved 1105920K
  class space    used 5449K, committed 5824K, reserved 1048576K
}
Event: 2113.471 GC heap before
{Heap before GC invocations=973 (full 804):
 PSYoungGen      total 53760K, used 38090K [0x00000000f5580000, 0x00000000f9d00000, 0x0000000100000000)
  eden space 35840K, 99% used [0x00000000f5580000,0x00000000f787fff8,0x00000000f7880000)
  from space 17920K, 12% used [0x00000000f7900000,0x00000000f7b32a58,0x00000000f8a80000)
  to   space 17408K, 0% used [0x00000000f8a80000,0x00000000f8a80000,0x00000000f9b80000)
 ParOldGen       total 349696K, used 349696K [0x00000000e0000000, 0x00000000f5580000, 0x00000000f5580000)
  object space 349696K, 100% used [0x00000000e0000000,0x00000000f5580000,0x00000000f5580000)
 Metaspace       used 54472K, committed 55296K, reserved 1105920K
  class space    used 5449K, committed 5824K, reserved 1048576K
}
Event: 2115.950 GC heap after
{Heap after GC invocations=973 (full 804):
 PSYoungGen      total 53760K, used 38090K [0x00000000f5580000, 0x00000000f9d00000, 0x0000000100000000)
  eden space 35840K, 99% used [0x00000000f5580000,0x00000000f787ffe8,0x00000000f7880000)
  from space 17920K, 12% used [0x00000000f7900000,0x00000000f7b32a58,0x00000000f8a80000)
  to   space 17408K, 0% used [0x00000000f8a80000,0x00000000f8a80000,0x00000000f9b80000)
 ParOldGen       total 349696K, used 349694K [0x00000000e0000000, 0x00000000f5580000, 0x00000000f5580000)
  object space 349696K, 99% used [0x00000000e0000000,0x00000000f557fa60,0x00000000f5580000)
 Metaspace       used 54472K, committed 55296K, reserved 1105920K
  class space    used 5449K, committed 5824K, reserved 1048576K
}
Event: 2115.950 GC heap before
{Heap before GC invocations=974 (full 805):
 PSYoungGen      total 53760K, used 38090K [0x00000000f5580000, 0x00000000f9d00000, 0x0000000100000000)
  eden space 35840K, 100% used [0x00000000f5580000,0x00000000f7880000,0x00000000f7880000)
  from space 17920K, 12% used [0x00000000f7900000,0x00000000f7b32a58,0x00000000f8a80000)
  to   space 17408K, 0% used [0x00000000f8a80000,0x00000000f8a80000,0x00000000f9b80000)
 ParOldGen       total 349696K, used 349695K [0x00000000e0000000, 0x00000000f5580000, 0x00000000f5580000)
  object space 349696K, 99% used [0x00000000e0000000,0x00000000f557ff38,0x00000000f5580000)
 Metaspace       used 54472K, committed 55296K, reserved 1105920K
  class space    used 5449K, committed 5824K, reserved 1048576K
}
Event: 2118.677 GC heap after
{Heap after GC invocations=974 (full 805):
 PSYoungGen      total 53760K, used 38090K [0x00000000f5580000, 0x00000000f9d00000, 0x0000000100000000)
  eden space 35840K, 99% used [0x00000000f5580000,0x00000000f787ffe8,0x00000000f7880000)
  from space 17920K, 12% used [0x00000000f7900000,0x00000000f7b32a58,0x00000000f8a80000)
  to   space 17408K, 0% used [0x00000000f8a80000,0x00000000f8a80000,0x00000000f9b80000)
 ParOldGen       total 349696K, used 349695K [0x00000000e0000000, 0x00000000f5580000, 0x00000000f5580000)
  object space 349696K, 99% used [0x00000000e0000000,0x00000000f557fdb0,0x00000000f5580000)
 Metaspace       used 54472K, committed 55296K, reserved 1105920K
  class space    used 5449K, committed 5824K, reserved 1048576K
}
Event: 2118.677 GC heap before
{Heap before GC invocations=975 (full 806):
 PSYoungGen      total 53760K, used 38090K [0x00000000f5580000, 0x00000000f9d00000, 0x0000000100000000)
  eden space 35840K, 99% used [0x00000000f5580000,0x00000000f787ffe8,0x00000000f7880000)
  from space 17920K, 12% used [0x00000000f7900000,0x00000000f7b32a58,0x00000000f8a80000)
  to   space 17408K, 0% used [0x00000000f8a80000,0x00000000f8a80000,0x00000000f9b80000)
 ParOldGen       total 349696K, used 349695K [0x00000000e0000000, 0x00000000f5580000, 0x00000000f5580000)
  object space 349696K, 99% used [0x00000000e0000000,0x00000000f557fdb0,0x00000000f5580000)
 Metaspace       used 54472K, committed 55296K, reserved 1105920K
  class space    used 5449K, committed 5824K, reserved 1048576K
}
Event: 2121.083 GC heap after
{Heap after GC invocations=975 (full 806):
 PSYoungGen      total 53760K, used 38090K [0x00000000f5580000, 0x00000000f9d00000, 0x0000000100000000)
  eden space 35840K, 99% used [0x00000000f5580000,0x00000000f787ffe8,0x00000000f7880000)
  from space 17920K, 12% used [0x00000000f7900000,0x00000000f7b32a58,0x00000000f8a80000)
  to   space 17408K, 0% used [0x00000000f8a80000,0x00000000f8a80000,0x00000000f9b80000)
 ParOldGen       total 349696K, used 349695K [0x00000000e0000000, 0x00000000f5580000, 0x00000000f5580000)
  object space 349696K, 99% used [0x00000000e0000000,0x00000000f557fdb0,0x00000000f5580000)
 Metaspace       used 54472K, committed 55296K, reserved 1105920K
  class space    used 5449K, committed 5824K, reserved 1048576K
}

